Command line:
   tb_convertidor_piso_actual_isim_beh.exe
     -simmode  gui
     -simrunnum  0
     -socket  53031

Mon Dec 26 12:48:11 2016


 Elaboration Time: 0.125 sec

 Current Memory Usage: 1341.74 Meg

 Total Signals          : 8
 Total Nets             : 12
 Total Signal Drivers   : 2
 Total Blocks           : 5
 Total Primitive Blocks : 4
 Total Processes        : 2
 Total Traceable Variables  : 10
 Total Scalar Nets and Variables : 390
Total Line Count : 6

 Total Simulation Time: 0.140625 sec

 Current Memory Usage: 1341.74 Meg

Mon Dec 26 12:48:21 2016

