Command line:
   TOP_isim_beh.exe
     -simmode  gui
     -simrunnum  0
     -socket  52757

Mon Dec 26 11:32:38 2016


 Elaboration Time: 0.21875 sec

 Current Memory Usage: 1499.04 Meg

 Total Signals          : 20
 Total Nets             : 49
 Total Signal Drivers   : 9
 Total Blocks           : 5
 Total Primitive Blocks : 4
 Total Processes        : 3
 Total Traceable Variables  : 10
 Total Scalar Nets and Variables : 427
Total Line Count : 5

 Total Simulation Time: 0.25 sec

 Current Memory Usage: 1499.04 Meg

Mon Dec 26 11:32:47 2016

